# JRE version: OpenJDK Runtime Environment (17.0.6) (build 17.0.6+0-b2043.56-10027231)
# Java VM: OpenJDK 64-Bit Server VM (17.0.6+0-b2043.56-10027231, mixed mode, tiered, compressed oops, compressed class ptrs, g1 gc, windows-amd64)
GC Precious Log:
 CPUs: 12 total, 12 available
 Memory: 7504M
 Large Page Support: Disabled
 NUMA Support: Disabled
 Compressed Oops: Enabled (32-bit)
 Heap Region Size: 1M
 Heap Min Capacity: 8M
 Heap Initial Capacity: 118M
 Heap Max Capacity: 2G
 Pre-touch: Disabled
 Parallel Workers: 10
 Concurrent Workers: 3
 Concurrent Refinement Workers: 10
 Periodic GC: Disabled
Heap:
 garbage-first heap   total 140288K, used 111585K [0x0000000080000000, 0x0000000100000000)
  region size 1024K, 29 young (29696K), 2 survivors (2048K)
 Metaspace       used 62923K, committed 63552K, reserved 1105920K
  class space    used 8924K, committed 9216K, reserved 1048576K
GC Heap History (20 events):
Event: 13.593 GC heap before
{Heap before GC invocations=17 (full 0):
 garbage-first heap   total 113664K, used 59147K [0x0000000080000000, 0x0000000100000000)
  region size 1024K, 3 young (3072K), 2 survivors (2048K)
 Metaspace       used 42274K, committed 42688K, reserved 1089536K
  class space    used 5639K, committed 5824K, reserved 1048576K
}
Event: 13.595 GC heap after
{Heap after GC invocations=18 (full 0):
 garbage-first heap   total 113664K, used 58652K [0x0000000080000000, 0x0000000100000000)
  region size 1024K, 2 young (2048K), 2 survivors (2048K)
 Metaspace       used 42274K, committed 42688K, reserved 1089536K
  class space    used 5639K, committed 5824K, reserved 1048576K
}
Event: 15.056 GC heap before
{Heap before GC invocations=19 (full 0):
 garbage-first heap   total 113664K, used 90396K [0x0000000080000000, 0x0000000100000000)
  region size 1024K, 31 young (31744K), 2 survivors (2048K)
 Metaspace       used 46688K, committed 47104K, reserved 1097728K
  class space    used 6201K, committed 6400K, reserved 1048576K
}
Event: 15.058 GC heap after
{Heap after GC invocations=20 (full 0):
 garbage-first heap   total 113664K, used 59873K [0x0000000080000000, 0x0000000100000000)
  region size 1024K, 4 young (4096K), 4 survivors (4096K)
 Metaspace       used 46688K, committed 47104K, reserved 1097728K
  class space    used 6201K, committed 6400K, reserved 1048576K
}
Event: 15.111 GC heap before
{Heap before GC invocations=20 (full 0):
 garbage-first heap   total 113664K, used 61921K [0x0000000080000000, 0x0000000100000000)
  region size 1024K, 7 young (7168K), 4 survivors (4096K)
 Metaspace       used 46720K, committed 47168K, reserved 1097728K
  class space    used 6203K, committed 6400K, reserved 1048576K
}
Event: 15.114 GC heap after
{Heap after GC invocations=21 (full 0):
 garbage-first heap   total 113664K, used 60714K [0x0000000080000000, 0x0000000100000000)
  region size 1024K, 4 young (4096K), 4 survivors (4096K)
 Metaspace       used 46720K, committed 47168K, reserved 1097728K
  class space    used 6203K, committed 6400K, reserved 1048576K
}
Event: 15.167 GC heap before
{Heap before GC invocations=22 (full 0):
 garbage-first heap   total 113664K, used 63786K [0x0000000080000000, 0x0000000100000000)
  region size 1024K, 5 young (5120K), 4 survivors (4096K)
 Metaspace       used 46720K, committed 47168K, reserved 1097728K
  class space    used 6203K, committed 6400K, reserved 1048576K
}
Event: 15.170 GC heap after
{Heap after GC invocations=23 (full 0):
 garbage-first heap   total 113664K, used 64429K [0x0000000080000000, 0x0000000100000000)
  region size 1024K, 2 young (2048K), 2 survivors (2048K)
 Metaspace       used 46720K, committed 47168K, reserved 1097728K
  class space    used 6203K, committed 6400K, reserved 1048576K
}
Event: 15.591 GC heap before
{Heap before GC invocations=24 (full 0):
 garbage-first heap   total 116736K, used 76717K [0x0000000080000000, 0x0000000100000000)
  region size 1024K, 13 young (13312K), 2 survivors (2048K)
 Metaspace       used 47438K, committed 47936K, reserved 1097728K
  class space    used 6286K, committed 6528K, reserved 1048576K
}
Event: 15.593 GC heap after
{Heap after GC invocations=25 (full 0):
 garbage-first heap   total 140288K, used 68960K [0x0000000080000000, 0x0000000100000000)
  region size 1024K, 3 young (3072K), 3 survivors (3072K)
 Metaspace       used 47438K, committed 47936K, reserved 1097728K
  class space    used 6286K, committed 6528K, reserved 1048576K
}
Event: 16.627 GC heap before
{Heap before GC invocations=26 (full 0):
 garbage-first heap   total 140288K, used 104800K [0x0000000080000000, 0x0000000100000000)
  region size 1024K, 37 young (37888K), 3 survivors (3072K)
 Metaspace       used 50894K, committed 51456K, reserved 1097728K
  class space    used 6743K, committed 7040K, reserved 1048576K
}
Event: 16.631 GC heap after
{Heap after GC invocations=27 (full 0):
 garbage-first heap   total 140288K, used 70963K [0x0000000080000000, 0x0000000100000000)
  region size 1024K, 5 young (5120K), 5 survivors (5120K)
 Metaspace       used 50894K, committed 51456K, reserved 1097728K
  class space    used 6743K, committed 7040K, reserved 1048576K
}
Event: 18.883 GC heap before
{Heap before GC invocations=27 (full 0):
 garbage-first heap   total 140288K, used 105779K [0x0000000080000000, 0x0000000100000000)
  region size 1024K, 39 young (39936K), 5 survivors (5120K)
 Metaspace       used 54923K, committed 55552K, reserved 1097728K
  class space    used 7415K, committed 7680K, reserved 1048576K
}
Event: 18.891 GC heap after
{Heap after GC invocations=28 (full 0):
 garbage-first heap   total 140288K, used 73147K [0x0000000080000000, 0x0000000100000000)
  region size 1024K, 5 young (5120K), 5 survivors (5120K)
 Metaspace       used 54923K, committed 55552K, reserved 1097728K
  class space    used 7415K, committed 7680K, reserved 1048576K
}
Event: 22.373 GC heap before
{Heap before GC invocations=29 (full 0):
 garbage-first heap   total 140288K, used 107963K [0x0000000080000000, 0x0000000100000000)
  region size 1024K, 40 young (40960K), 5 survivors (5120K)
 Metaspace       used 56469K, committed 57088K, reserved 1105920K
  class space    used 7586K, committed 7872K, reserved 1048576K
}
Event: 22.380 GC heap after
{Heap after GC invocations=30 (full 0):
 garbage-first heap   total 140288K, used 75516K [0x0000000080000000, 0x0000000100000000)
  region size 1024K, 5 young (5120K), 5 survivors (5120K)
 Metaspace       used 56469K, committed 57088K, reserved 1105920K
  class space    used 7586K, committed 7872K, reserved 1048576K
}
Event: 22.514 GC heap before
{Heap before GC invocations=30 (full 0):
 garbage-first heap   total 140288K, used 76540K [0x0000000080000000, 0x0000000100000000)
  region size 1024K, 6 young (6144K), 5 survivors (5120K)
 Metaspace       used 56503K, committed 57152K, reserved 1105920K
  class space    used 7586K, committed 7872K, reserved 1048576K
}
Event: 22.519 GC heap after
{Heap after GC invocations=31 (full 0):
 garbage-first heap   total 140288K, used 75111K [0x0000000080000000, 0x0000000100000000)
  region size 1024K, 1 young (1024K), 1 survivors (1024K)
 Metaspace       used 56503K, committed 57152K, reserved 1105920K
  class space    used 7586K, committed 7872K, reserved 1048576K
}
Event: 24.024 GC heap before
{Heap before GC invocations=31 (full 0):
 garbage-first heap   total 140288K, used 98663K [0x0000000080000000, 0x0000000100000000)
  region size 1024K, 25 young (25600K), 1 survivors (1024K)
 Metaspace       used 60583K, committed 61312K, reserved 1105920K
  class space    used 8582K, committed 8896K, reserved 1048576K
}
Event: 24.027 GC heap after
{Heap after GC invocations=32 (full 0):
 garbage-first heap   total 140288K, used 75745K [0x0000000080000000, 0x0000000100000000)
  region size 1024K, 2 young (2048K), 2 survivors (2048K)
 Metaspace       used 60583K, committed 61312K, reserved 1105920K
  class space    used 8582K, committed 8896K, reserved 1048576K
}

